Determining if the pthread_create exist failed with the following output:
Change Dir: /home/codio/workspace/hw3/CMakeFiles/CMakeTmp

Run Build Command:"/usr/bin/make" "cmTC_e24c5/fast"
/usr/bin/make -f CMakeFiles/cmTC_e24c5.dir/build.make CMakeFiles/cmTC_e24c5.dir/build
make[1]: Entering directory '/home/codio/workspace/hw3/CMakeFiles/CMakeTmp'
Building C object CMakeFiles/cmTC_e24c5.dir/CheckSymbolExists.c.o
/usr/bin/cc    -o CMakeFiles/cmTC_e24c5.dir/CheckSymbolExists.c.o   -c /home/codio/workspace/hw3/CMakeFiles/CMakeTmp/CheckSymbolExists.c
Linking C executable cmTC_e24c5
/usr/bin/cmake -E cmake_link_script CMakeFiles/cmTC_e24c5.dir/link.txt --verbose=1
/usr/bin/cc      CMakeFiles/cmTC_e24c5.dir/CheckSymbolExists.c.o  -o cmTC_e24c5 
CMakeFiles/cmTC_e24c5.dir/CheckSymbolExists.c.o: In function `main':
CheckSymbolExists.c:(.text+0x1b): undefined reference to `pthread_create'
collect2: error: ld returned 1 exit status
CMakeFiles/cmTC_e24c5.dir/build.make:97: recipe for target 'cmTC_e24c5' failed
make[1]: *** [cmTC_e24c5] Error 1
make[1]: Leaving directory '/home/codio/workspace/hw3/CMakeFiles/CMakeTmp'
Makefile:126: recipe for target 'cmTC_e24c5/fast' failed
make: *** [cmTC_e24c5/fast] Error 2

File /home/codio/workspace/hw3/CMakeFiles/CMakeTmp/CheckSymbolExists.c:
/* */
#include <pthread.h>

int main(int argc, char** argv)
{
  (void)argv;
#ifndef pthread_create
  return ((int*)(&pthread_create))[argc];
#else
  (void)argc;
  return 0;
#endif
}

Determining if the function pthread_create exists in the pthreads failed with the following output:
Change Dir: /home/codio/workspace/hw3/CMakeFiles/CMakeTmp

Run Build Command:"/usr/bin/make" "cmTC_ed49e/fast"
/usr/bin/make -f CMakeFiles/cmTC_ed49e.dir/build.make CMakeFiles/cmTC_ed49e.dir/build
make[1]: Entering directory '/home/codio/workspace/hw3/CMakeFiles/CMakeTmp'
Building C object CMakeFiles/cmTC_ed49e.dir/CheckFunctionExists.c.o
/usr/bin/cc   -DCHECK_FUNCTION_EXISTS=pthread_create   -o CMakeFiles/cmTC_ed49e.dir/CheckFunctionExists.c.o   -c /usr/share/cmake-3.10/Modules/CheckFunctionExists.c
Linking C executable cmTC_ed49e
/usr/bin/cmake -E cmake_link_script CMakeFiles/cmTC_ed49e.dir/link.txt --verbose=1
/usr/bin/cc  -DCHECK_FUNCTION_EXISTS=pthread_create    CMakeFiles/cmTC_ed49e.dir/CheckFunctionExists.c.o  -o cmTC_ed49e -lpthreads 
/usr/bin/ld: cannot find -lpthreads
collect2: error: ld returned 1 exit status
CMakeFiles/cmTC_ed49e.dir/build.make:97: recipe for target 'cmTC_ed49e' failed
make[1]: *** [cmTC_ed49e] Error 1
make[1]: Leaving directory '/home/codio/workspace/hw3/CMakeFiles/CMakeTmp'
Makefile:126: recipe for target 'cmTC_ed49e/fast' failed
make: *** [cmTC_ed49e/fast] Error 2


Checking whether C++ compiler has '__int64' failed to compile with the following output:
Change Dir: /home/codio/workspace/hw3/testing_utils/kwsys/CMakeFiles/CMakeTmp

Run Build Command:"/usr/bin/make" "cmTC_930e9/fast"
/usr/bin/make -f CMakeFiles/cmTC_930e9.dir/build.make CMakeFiles/cmTC_930e9.dir/build
make[1]: Entering directory '/home/codio/workspace/hw3/testing_utils/kwsys/CMakeFiles/CMakeTmp'
Building CXX object CMakeFiles/cmTC_930e9.dir/kwsysPlatformTestsCXX.cxx.o
/usr/bin/c++  -DTEST_KWSYS_CXX_HAS___INT64  -Wall    -o CMakeFiles/cmTC_930e9.dir/kwsysPlatformTestsCXX.cxx.o -c /home/codio/workspace/hw3/hw3_tests/testing_utils/kwsys/kwsysPlatformTestsCXX.cxx
/home/codio/workspace/hw3/hw3_tests/testing_utils/kwsys/kwsysPlatformTestsCXX.cxx:24:1: error: ‘__int64’ does not name a type; did you mean ‘__amd64’?
 __int64 f(__int64 n)
 ^~~~~~~
 __amd64
/home/codio/workspace/hw3/hw3_tests/testing_utils/kwsys/kwsysPlatformTestsCXX.cxx: In function ‘int main()’:
/home/codio/workspace/hw3/hw3_tests/testing_utils/kwsys/kwsysPlatformTestsCXX.cxx:30:3: error: ‘__int64’ was not declared in this scope
   __int64 n = 0;
   ^~~~~~~
/home/codio/workspace/hw3/hw3_tests/testing_utils/kwsys/kwsysPlatformTestsCXX.cxx:30:3: note: suggested alternative: ‘__amd64’
   __int64 n = 0;
   ^~~~~~~
   __amd64
/home/codio/workspace/hw3/hw3_tests/testing_utils/kwsys/kwsysPlatformTestsCXX.cxx:31:29: error: ‘n’ was not declared in this scope
   return static_cast<int>(f(n));
                             ^
/home/codio/workspace/hw3/hw3_tests/testing_utils/kwsys/kwsysPlatformTestsCXX.cxx:31:27: error: ‘f’ was not declared in this scope
   return static_cast<int>(f(n));
                           ^
CMakeFiles/cmTC_930e9.dir/build.make:65: recipe for target 'CMakeFiles/cmTC_930e9.dir/kwsysPlatformTestsCXX.cxx.o' failed
make[1]: *** [CMakeFiles/cmTC_930e9.dir/kwsysPlatformTestsCXX.cxx.o] Error 1
make[1]: Leaving directory '/home/codio/workspace/hw3/testing_utils/kwsys/CMakeFiles/CMakeTmp'
Makefile:126: recipe for target 'cmTC_930e9/fast' failed
make: *** [cmTC_930e9/fast] Error 2


Checking whether CXX compiler has environ in stdlib.h failed to compile with the following output:
Change Dir: /home/codio/workspace/hw3/testing_utils/kwsys/CMakeFiles/CMakeTmp

Run Build Command:"/usr/bin/make" "cmTC_39063/fast"
/usr/bin/make -f CMakeFiles/cmTC_39063.dir/build.make CMakeFiles/cmTC_39063.dir/build
make[1]: Entering directory '/home/codio/workspace/hw3/testing_utils/kwsys/CMakeFiles/CMakeTmp'
Building CXX object CMakeFiles/cmTC_39063.dir/kwsysPlatformTestsCXX.cxx.o
/usr/bin/c++  -DTEST_KWSYS_CXX_HAS_ENVIRON_IN_STDLIB_H  -Wall    -o CMakeFiles/cmTC_39063.dir/kwsysPlatformTestsCXX.cxx.o -c /home/codio/workspace/hw3/hw3_tests/testing_utils/kwsys/kwsysPlatformTestsCXX.cxx
/home/codio/workspace/hw3/hw3_tests/testing_utils/kwsys/kwsysPlatformTestsCXX.cxx: In function ‘int main()’:
/home/codio/workspace/hw3/hw3_tests/testing_utils/kwsys/kwsysPlatformTestsCXX.cxx:196:13: error: ‘environ’ was not declared in this scope
   char* e = environ[0];
             ^~~~~~~
/home/codio/workspace/hw3/hw3_tests/testing_utils/kwsys/kwsysPlatformTestsCXX.cxx:196:13: note: suggested alternative: ‘union’
   char* e = environ[0];
             ^~~~~~~
             union
CMakeFiles/cmTC_39063.dir/build.make:65: recipe for target 'CMakeFiles/cmTC_39063.dir/kwsysPlatformTestsCXX.cxx.o' failed
make[1]: *** [CMakeFiles/cmTC_39063.dir/kwsysPlatformTestsCXX.cxx.o] Error 1
make[1]: Leaving directory '/home/codio/workspace/hw3/testing_utils/kwsys/CMakeFiles/CMakeTmp'
Makefile:126: recipe for target 'cmTC_39063/fast' failed
make: *** [cmTC_39063/fast] Error 2


Checking whether CXX compiler struct stat has st_mtimespec member failed to compile with the following output:
Change Dir: /home/codio/workspace/hw3/testing_utils/kwsys/CMakeFiles/CMakeTmp

Run Build Command:"/usr/bin/make" "cmTC_08be8/fast"
/usr/bin/make -f CMakeFiles/cmTC_08be8.dir/build.make CMakeFiles/cmTC_08be8.dir/build
make[1]: Entering directory '/home/codio/workspace/hw3/testing_utils/kwsys/CMakeFiles/CMakeTmp'
Building CXX object CMakeFiles/cmTC_08be8.dir/kwsysPlatformTestsCXX.cxx.o
/usr/bin/c++  -DTEST_KWSYS_CXX_STAT_HAS_ST_MTIMESPEC  -Wall    -o CMakeFiles/cmTC_08be8.dir/kwsysPlatformTestsCXX.cxx.o -c /home/codio/workspace/hw3/hw3_tests/testing_utils/kwsys/kwsysPlatformTestsCXX.cxx
/home/codio/workspace/hw3/hw3_tests/testing_utils/kwsys/kwsysPlatformTestsCXX.cxx: In function ‘int main()’:
/home/codio/workspace/hw3/hw3_tests/testing_utils/kwsys/kwsysPlatformTestsCXX.cxx:57:15: error: ‘struct stat’ has no member named ‘st_mtimespec’; did you mean ‘st_mtim’?
   (void)stat1.st_mtimespec.tv_sec;
               ^~~~~~~~~~~~
               st_mtim
/home/codio/workspace/hw3/hw3_tests/testing_utils/kwsys/kwsysPlatformTestsCXX.cxx:58:15: error: ‘struct stat’ has no member named ‘st_mtimespec’; did you mean ‘st_mtim’?
   (void)stat1.st_mtimespec.tv_nsec;
               ^~~~~~~~~~~~
               st_mtim
CMakeFiles/cmTC_08be8.dir/build.make:65: recipe for target 'CMakeFiles/cmTC_08be8.dir/kwsysPlatformTestsCXX.cxx.o' failed
make[1]: *** [CMakeFiles/cmTC_08be8.dir/kwsysPlatformTestsCXX.cxx.o] Error 1
make[1]: Leaving directory '/home/codio/workspace/hw3/testing_utils/kwsys/CMakeFiles/CMakeTmp'
Makefile:126: recipe for target 'cmTC_08be8/fast' failed
make: *** [cmTC_08be8/fast] Error 2


